<?xml version="1.0" encoding="UTF-8"?>
<testng-results skipped="0" failed="0" total="0" passed="0">
  <reporter-output>
  </reporter-output>
  <suite name="com.calculator.app.AppTest" duration-ms="12" started-at="2017-07-20T14:35:17Z" finished-at="2017-07-20T14:35:17Z">
    <groups>
    </groups>
    <test name="Command line test" duration-ms="12" started-at="2017-07-20T14:35:17Z" finished-at="2017-07-20T14:35:17Z">
    </test> <!-- Command line test -->
  </suite> <!-- com.calculator.app.AppTest -->
</testng-results>
